<?xml version="1.0" encoding="UTF-8"?>
<!-- Generated by org.testng.reporters.JUnitReportReporter -->
<testsuite hostname="Sulagnas-MacBook-Air.local" failures="0" tests="1" name="MACSEL.Example.ChromeDemo" time="12.491" errors="0" timestamp="04 Dec 2019 15:54:22 GMT" skipped="0">
  <testcase classname="MACSEL.Example.ChromeDemo" name="testApp" time="12.491"/>
</testsuite> <!-- MACSEL.Example.ChromeDemo -->
