<?xml version="1.0" encoding="UTF-8"?>
<!-- Generated by org.testng.reporters.JUnitReportReporter -->
<testsuite hostname="Sulagnas-MacBook-Air.local" failures="0" tests="1" name="MACSEL.Example.FFDemo" time="20.645" errors="0" timestamp="04 Dec 2019 15:54:22 GMT" skipped="0">
  <testcase classname="MACSEL.Example.FFDemo" name="testApp" time="20.645"/>
</testsuite> <!-- MACSEL.Example.FFDemo -->
