<?xml version="1.0" encoding="UTF-8"?>
<!-- Generated by org.testng.reporters.JUnitReportReporter -->
<testsuite hostname="Sulagnas-MacBook-Air.local" failures="0" tests="1" name="MACSEL.Example.FFDemo" time="18.194" errors="0" timestamp="05 Dec 2019 15:58:44 GMT" skipped="0">
  <testcase classname="MACSEL.Example.FFDemo" name="testApp" time="18.194"/>
</testsuite> <!-- MACSEL.Example.FFDemo -->
