<?xml version="1.0" encoding="UTF-8"?>
<!-- Generated by org.testng.reporters.JUnitReportReporter -->
<testsuite hostname="Sulagnas-MacBook-Air.local" failures="0" tests="1" name="MACSEL.Example.App" time="0.007" errors="0" timestamp="04 Dec 2019 15:35:05 GMT" skipped="0">
  <testcase classname="MACSEL.Example.App" name="testApp" time="0.007"/>
</testsuite> <!-- MACSEL.Example.App -->
